# JRE version: OpenJDK Runtime Environment (8.0_242-b01) (build 1.8.0_242-release-1644-b01)
# Java VM: OpenJDK 64-Bit Server VM (25.242-b01 mixed mode windows-amd64 compressed oops)
Heap:
 PSYoungGen      total 61440K, used 19911K [0x00000000e0000000, 0x00000000e3e00000, 0x0000000100000000)
  eden space 59392K, 33% used [0x00000000e0000000,0x00000000e1371eb8,0x00000000e3a00000)
  from space 2048K, 0% used [0x00000000e3c00000,0x00000000e3c00000,0x00000000e3e00000)
  to   space 2048K, 0% used [0x00000000e3a00000,0x00000000e3a00000,0x00000000e3c00000)
 ParOldGen       total 44032K, used 15129K [0x00000000a0000000, 0x00000000a2b00000, 0x00000000e0000000)
  object space 44032K, 34% used [0x00000000a0000000,0x00000000a0ec6730,0x00000000a2b00000)
 Metaspace       used 24185K, capacity 24544K, committed 24832K, reserved 1071104K
  class space    used 3348K, capacity 3499K, committed 3584K, reserved 1048576K
GC Heap History (10 events):
Event: 8.407 GC heap before
{Heap before GC invocations=3 (full 0):
 PSYoungGen      total 31744K, used 31728K [0x00000000e0000000, 0x00000000e2100000, 0x0000000100000000)
  eden space 29696K, 100% used [0x00000000e0000000,0x00000000e1d00000,0x00000000e1d00000)
  from space 2048K, 99% used [0x00000000e1f00000,0x00000000e20fc030,0x00000000e2100000)
  to   space 2048K, 0% used [0x00000000e1d00000,0x00000000e1d00000,0x00000000e1f00000)
 ParOldGen       total 38400K, used 1438K [0x00000000a0000000, 0x00000000a2580000, 0x00000000e0000000)
  object space 38400K, 3% used [0x00000000a0000000,0x00000000a0167b18,0x00000000a2580000)
 Metaspace       used 7290K, capacity 7536K, committed 7680K, reserved 1056768K
  class space    used 876K, capacity 940K, committed 1024K, reserved 1048576K
Event: 8.422 GC heap after
Heap after GC invocations=3 (full 0):
 PSYoungGen      total 31744K, used 2032K [0x00000000e0000000, 0x00000000e3e00000, 0x0000000100000000)
  eden space 29696K, 0% used [0x00000000e0000000,0x00000000e0000000,0x00000000e1d00000)
  from space 2048K, 99% used [0x00000000e1d00000,0x00000000e1efc010,0x00000000e1f00000)
  to   space 2048K, 0% used [0x00000000e3c00000,0x00000000e3c00000,0x00000000e3e00000)
 ParOldGen       total 38400K, used 2252K [0x00000000a0000000, 0x00000000a2580000, 0x00000000e0000000)
  object space 38400K, 5% used [0x00000000a0000000,0x00000000a0233128,0x00000000a2580000)
 Metaspace       used 7290K, capacity 7536K, committed 7680K, reserved 1056768K
  class space    used 876K, capacity 940K, committed 1024K, reserved 1048576K
}
Event: 13.228 GC heap before
{Heap before GC invocations=4 (full 0):
 PSYoungGen      total 31744K, used 31728K [0x00000000e0000000, 0x00000000e3e00000, 0x0000000100000000)
  eden space 29696K, 100% used [0x00000000e0000000,0x00000000e1d00000,0x00000000e1d00000)
  from space 2048K, 99% used [0x00000000e1d00000,0x00000000e1efc010,0x00000000e1f00000)
  to   space 2048K, 0% used [0x00000000e3c00000,0x00000000e3c00000,0x00000000e3e00000)
 ParOldGen       total 38400K, used 2252K [0x00000000a0000000, 0x00000000a2580000, 0x00000000e0000000)
  object space 38400K, 5% used [0x00000000a0000000,0x00000000a0233128,0x00000000a2580000)
 Metaspace       used 10789K, capacity 11044K, committed 11264K, reserved 1058816K
  class space    used 1412K, capacity 1486K, committed 1536K, reserved 1048576K
Event: 13.312 GC heap after
Heap after GC invocations=4 (full 0):
 PSYoungGen      total 61440K, used 2032K [0x00000000e0000000, 0x00000000e3e00000, 0x0000000100000000)
  eden space 59392K, 0% used [0x00000000e0000000,0x00000000e0000000,0x00000000e3a00000)
  from space 2048K, 99% used [0x00000000e3c00000,0x00000000e3dfc030,0x00000000e3e00000)
  to   space 2048K, 0% used [0x00000000e3a00000,0x00000000e3a00000,0x00000000e3c00000)
 ParOldGen       total 38400K, used 5301K [0x00000000a0000000, 0x00000000a2580000, 0x00000000e0000000)
  object space 38400K, 13% used [0x00000000a0000000,0x00000000a052d530,0x00000000a2580000)
 Metaspace       used 10789K, capacity 11044K, committed 11264K, reserved 1058816K
  class space    used 1412K, capacity 1486K, committed 1536K, reserved 1048576K
}
Event: 24.144 GC heap before
{Heap before GC invocations=5 (full 0):
 PSYoungGen      total 61440K, used 61424K [0x00000000e0000000, 0x00000000e3e00000, 0x0000000100000000)
  eden space 59392K, 100% used [0x00000000e0000000,0x00000000e3a00000,0x00000000e3a00000)
  from space 2048K, 99% used [0x00000000e3c00000,0x00000000e3dfc030,0x00000000e3e00000)
  to   space 2048K, 0% used [0x00000000e3a00000,0x00000000e3a00000,0x00000000e3c00000)
 ParOldGen       total 38400K, used 5301K [0x00000000a0000000, 0x00000000a2580000, 0x00000000e0000000)
  object space 38400K, 13% used [0x00000000a0000000,0x00000000a052d530,0x00000000a2580000)
 Metaspace       used 15837K, capacity 16166K, committed 16512K, reserved 1062912K
  class space    used 2240K, capacity 2373K, committed 2432K, reserved 1048576K
Event: 24.294 GC heap after
Heap after GC invocations=5 (full 0):
 PSYoungGen      total 61440K, used 2048K [0x00000000e0000000, 0x00000000e3e00000, 0x0000000100000000)
  eden space 59392K, 0% used [0x00000000e0000000,0x00000000e0000000,0x00000000e3a00000)
  from space 2048K, 100% used [0x00000000e3a00000,0x00000000e3c00000,0x00000000e3c00000)
  to   space 2048K, 0% used [0x00000000e3c00000,0x00000000e3c00000,0x00000000e3e00000)
 ParOldGen       total 38400K, used 11547K [0x00000000a0000000, 0x00000000a2580000, 0x00000000e0000000)
  object space 38400K, 30% used [0x00000000a0000000,0x00000000a0b46c88,0x00000000a2580000)
 Metaspace       used 15837K, capacity 16166K, committed 16512K, reserved 1062912K
  class space    used 2240K, capacity 2373K, committed 2432K, reserved 1048576K
}
Event: 28.619 GC heap before
{Heap before GC invocations=6 (full 0):
 PSYoungGen      total 61440K, used 47252K [0x00000000e0000000, 0x00000000e3e00000, 0x0000000100000000)
  eden space 59392K, 76% used [0x00000000e0000000,0x00000000e2c25280,0x00000000e3a00000)
  from space 2048K, 100% used [0x00000000e3a00000,0x00000000e3c00000,0x00000000e3c00000)
  to   space 2048K, 0% used [0x00000000e3c00000,0x00000000e3c00000,0x00000000e3e00000)
 ParOldGen       total 38400K, used 11547K [0x00000000a0000000, 0x00000000a2580000, 0x00000000e0000000)
  object space 38400K, 30% used [0x00000000a0000000,0x00000000a0b46c88,0x00000000a2580000)
 Metaspace       used 20685K, capacity 21014K, committed 21248K, reserved 1067008K
  class space    used 2918K, capacity 3049K, committed 3072K, reserved 1048576K
Event: 28.690 GC heap after
Heap after GC invocations=6 (full 0):
 PSYoungGen      total 61440K, used 2016K [0x00000000e0000000, 0x00000000e3e00000, 0x0000000100000000)
  eden space 59392K, 0% used [0x00000000e0000000,0x00000000e0000000,0x00000000e3a00000)
  from space 2048K, 98% used [0x00000000e3c00000,0x00000000e3df8020,0x00000000e3e00000)
  to   space 2048K, 0% used [0x00000000e3a00000,0x00000000e3a00000,0x00000000e3c00000)
 ParOldGen       total 38400K, used 17265K [0x00000000a0000000, 0x00000000a2580000, 0x00000000e0000000)
  object space 38400K, 44% used [0x00000000a0000000,0x00000000a10dc510,0x00000000a2580000)
 Metaspace       used 20685K, capacity 21014K, committed 21248K, reserved 1067008K
  class space    used 2918K, capacity 3049K, committed 3072K, reserved 1048576K
}
Event: 28.691 GC heap before
{Heap before GC invocations=7 (full 1):
 PSYoungGen      total 61440K, used 2016K [0x00000000e0000000, 0x00000000e3e00000, 0x0000000100000000)
  eden space 59392K, 0% used [0x00000000e0000000,0x00000000e0000000,0x00000000e3a00000)
  from space 2048K, 98% used [0x00000000e3c00000,0x00000000e3df8020,0x00000000e3e00000)
  to   space 2048K, 0% used [0x00000000e3a00000,0x00000000e3a00000,0x00000000e3c00000)
 ParOldGen       total 38400K, used 17265K [0x00000000a0000000, 0x00000000a2580000, 0x00000000e0000000)
  object space 38400K, 44% used [0x00000000a0000000,0x00000000a10dc510,0x00000000a2580000)
 Metaspace       used 20685K, capacity 21014K, committed 21248K, reserved 1067008K
  class space    used 2918K, capacity 3049K, committed 3072K, reserved 1048576K
Event: 29.043 GC heap after
Heap after GC invocations=7 (full 1):
 PSYoungGen      total 61440K, used 0K [0x00000000e0000000, 0x00000000e3e00000, 0x0000000100000000)
  eden space 59392K, 0% used [0x00000000e0000000,0x00000000e0000000,0x00000000e3a00000)
  from space 2048K, 0% used [0x00000000e3c00000,0x00000000e3c00000,0x00000000e3e00000)
  to   space 2048K, 0% used [0x00000000e3a00000,0x00000000e3a00000,0x00000000e3c00000)
 ParOldGen       total 44032K, used 15129K [0x00000000a0000000, 0x00000000a2b00000, 0x00000000e0000000)
  object space 44032K, 34% used [0x00000000a0000000,0x00000000a0ec6730,0x00000000a2b00000)
 Metaspace       used 20685K, capacity 21014K, committed 21248K, reserved 1067008K
  class space    used 2918K, capacity 3049K, committed 3072K, reserved 1048576K
}

